# JRE version: OpenJDK Runtime Environment (11.0.10) (build 11.0.10+0-b96-7249189)
# Java VM: OpenJDK 64-Bit Server VM (11.0.10+0-b96-7249189, mixed mode, tiered, compressed oops, g1 gc, windows-amd64)
Heap:
 garbage-first heap   total 380928K, used 162548K [0x0000000080000000, 0x0000000100000000)
  region size 1024K, 46 young (47104K), 5 survivors (5120K)
 Metaspace       used 130877K, capacity 134383K, committed 134732K, reserved 1167360K
  class space    used 16320K, capacity 17613K, committed 17740K, reserved 1048576K
GC Heap History (20 events):
Event: 4201.245 GC heap before
{Heap before GC invocations=81 (full 0):
 garbage-first heap   total 380928K, used 283424K [0x0000000080000000, 0x0000000100000000)
  region size 1024K, 74 young (75776K), 3 survivors (3072K)
 Metaspace       used 129272K, capacity 132628K, committed 133196K, reserved 1165312K
  class space    used 16269K, capacity 17525K, committed 17740K, reserved 1048576K
}
Event: 4201.251 GC heap after
{Heap after GC invocations=82 (full 0):
 garbage-first heap   total 380928K, used 211915K [0x0000000080000000, 0x0000000100000000)
  region size 1024K, 3 young (3072K), 3 survivors (3072K)
 Metaspace       used 129272K, capacity 132628K, committed 133196K, reserved 1165312K
  class space    used 16269K, capacity 17525K, committed 17740K, reserved 1048576K
}
Event: 4209.026 GC heap before
{Heap before GC invocations=83 (full 0):
 garbage-first heap   total 380928K, used 291787K [0x0000000080000000, 0x0000000100000000)
  region size 1024K, 80 young (81920K), 3 survivors (3072K)
 Metaspace       used 129699K, capacity 133042K, committed 133452K, reserved 1165312K
  class space    used 16288K, capacity 17557K, committed 17740K, reserved 1048576K
}
Event: 4209.033 GC heap after
{Heap after GC invocations=84 (full 0):
 garbage-first heap   total 380928K, used 209055K [0x0000000080000000, 0x0000000100000000)
  region size 1024K, 8 young (8192K), 8 survivors (8192K)
 Metaspace       used 129699K, capacity 133042K, committed 133452K, reserved 1165312K
  class space    used 16288K, capacity 17557K, committed 17740K, reserved 1048576K
}
Event: 4209.067 GC heap before
{Heap before GC invocations=84 (full 0):
 garbage-first heap   total 380928K, used 218271K [0x0000000080000000, 0x0000000100000000)
  region size 1024K, 18 young (18432K), 8 survivors (8192K)
 Metaspace       used 129701K, capacity 133042K, committed 133452K, reserved 1165312K
  class space    used 16288K, capacity 17557K, committed 17740K, reserved 1048576K
}
Event: 4209.091 GC heap after
{Heap after GC invocations=85 (full 0):
 garbage-first heap   total 380928K, used 199559K [0x0000000080000000, 0x0000000100000000)
  region size 1024K, 3 young (3072K), 3 survivors (3072K)
 Metaspace       used 129701K, capacity 133042K, committed 133452K, reserved 1165312K
  class space    used 16288K, capacity 17557K, committed 17740K, reserved 1048576K
}
Event: 4209.365 GC heap before
{Heap before GC invocations=85 (full 0):
 garbage-first heap   total 380928K, used 254855K [0x0000000080000000, 0x0000000100000000)
  region size 1024K, 59 young (60416K), 3 survivors (3072K)
 Metaspace       used 129845K, capacity 133247K, committed 133708K, reserved 1165312K
  class space    used 16288K, capacity 17557K, committed 17740K, reserved 1048576K
}
Event: 4209.389 GC heap after
{Heap after GC invocations=86 (full 0):
 garbage-first heap   total 380928K, used 204331K [0x0000000080000000, 0x0000000100000000)
  region size 1024K, 8 young (8192K), 8 survivors (8192K)
 Metaspace       used 129845K, capacity 133247K, committed 133708K, reserved 1165312K
  class space    used 16288K, capacity 17557K, committed 17740K, reserved 1048576K
}
Event: 4316.247 GC heap before
{Heap before GC invocations=87 (full 0):
 garbage-first heap   total 380928K, used 253483K [0x0000000080000000, 0x0000000100000000)
  region size 1024K, 92 young (94208K), 8 survivors (8192K)
 Metaspace       used 130066K, capacity 133579K, committed 133964K, reserved 1165312K
  class space    used 16293K, capacity 17566K, committed 17740K, reserved 1048576K
}
Event: 4316.255 GC heap after
{Heap after GC invocations=88 (full 0):
 garbage-first heap   total 380928K, used 136522K [0x0000000080000000, 0x0000000100000000)
  region size 1024K, 6 young (6144K), 6 survivors (6144K)
 Metaspace       used 130066K, capacity 133579K, committed 133964K, reserved 1165312K
  class space    used 16293K, capacity 17566K, committed 17740K, reserved 1048576K
}
Event: 4316.481 GC heap before
{Heap before GC invocations=88 (full 0):
 garbage-first heap   total 380928K, used 147786K [0x0000000080000000, 0x0000000100000000)
  region size 1024K, 18 young (18432K), 6 survivors (6144K)
 Metaspace       used 130200K, capacity 133685K, committed 133964K, reserved 1165312K
  class space    used 16299K, capacity 17575K, committed 17740K, reserved 1048576K
}
Event: 4316.497 GC heap after
{Heap after GC invocations=89 (full 0):
 garbage-first heap   total 380928K, used 116331K [0x0000000080000000, 0x0000000100000000)
  region size 1024K, 2 young (2048K), 2 survivors (2048K)
 Metaspace       used 130200K, capacity 133685K, committed 133964K, reserved 1165312K
  class space    used 16299K, capacity 17575K, committed 17740K, reserved 1048576K
}
Event: 4316.539 GC heap before
{Heap before GC invocations=89 (full 0):
 garbage-first heap   total 380928K, used 120427K [0x0000000080000000, 0x0000000100000000)
  region size 1024K, 7 young (7168K), 2 survivors (2048K)
 Metaspace       used 130210K, capacity 133691K, committed 133964K, reserved 1165312K
  class space    used 16299K, capacity 17576K, committed 17740K, reserved 1048576K
}
Event: 4316.549 GC heap after
{Heap after GC invocations=90 (full 0):
 garbage-first heap   total 380928K, used 116331K [0x0000000080000000, 0x0000000100000000)
  region size 1024K, 2 young (2048K), 2 survivors (2048K)
 Metaspace       used 130210K, capacity 133691K, committed 133964K, reserved 1165312K
  class space    used 16299K, capacity 17576K, committed 17740K, reserved 1048576K
}
Event: 4354.029 GC heap before
{Heap before GC invocations=91 (full 0):
 garbage-first heap   total 380928K, used 251499K [0x0000000080000000, 0x0000000100000000)
  region size 1024K, 107 young (109568K), 2 survivors (2048K)
 Metaspace       used 130514K, capacity 134002K, committed 134220K, reserved 1165312K
  class space    used 16306K, capacity 17587K, committed 17740K, reserved 1048576K
}
Event: 4354.038 GC heap after
{Heap after GC invocations=92 (full 0):
 garbage-first heap   total 380928K, used 119760K [0x0000000080000000, 0x0000000100000000)
  region size 1024K, 6 young (6144K), 6 survivors (6144K)
 Metaspace       used 130514K, capacity 134002K, committed 134220K, reserved 1165312K
  class space    used 16306K, capacity 17587K, committed 17740K, reserved 1048576K
}
Event: 4354.313 GC heap before
{Heap before GC invocations=92 (full 0):
 garbage-first heap   total 380928K, used 132048K [0x0000000080000000, 0x0000000100000000)
  region size 1024K, 18 young (18432K), 6 survivors (6144K)
 Metaspace       used 130614K, capacity 134089K, committed 134476K, reserved 1165312K
  class space    used 16310K, capacity 17594K, committed 17740K, reserved 1048576K
}
Event: 4354.326 GC heap after
{Heap after GC invocations=93 (full 0):
 garbage-first heap   total 380928K, used 108455K [0x0000000080000000, 0x0000000100000000)
  region size 1024K, 3 young (3072K), 3 survivors (3072K)
 Metaspace       used 130614K, capacity 134089K, committed 134476K, reserved 1165312K
  class space    used 16310K, capacity 17594K, committed 17740K, reserved 1048576K
}
Event: 4356.597 GC heap before
{Heap before GC invocations=93 (full 0):
 garbage-first heap   total 380928K, used 162727K [0x0000000080000000, 0x0000000100000000)
  region size 1024K, 58 young (59392K), 3 survivors (3072K)
 Metaspace       used 130745K, capacity 134229K, committed 134476K, reserved 1165312K
  class space    used 16311K, capacity 17596K, committed 17740K, reserved 1048576K
}
Event: 4356.608 GC heap after
{Heap after GC invocations=94 (full 0):
 garbage-first heap   total 380928K, used 110324K [0x0000000080000000, 0x0000000100000000)
  region size 1024K, 5 young (5120K), 5 survivors (5120K)
 Metaspace       used 130745K, capacity 134229K, committed 134476K, reserved 1165312K
  class space    used 16311K, capacity 17596K, committed 17740K, reserved 1048576K
}

